22:47:50: Creating resource group General
22:47:50: Creating resource group Internal
22:47:50: Creating resource group Autodetect
22:47:50: SceneManagerFactory for type 'DefaultSceneManager' registered.
22:47:50: Registering ResourceManager for type Material
22:47:50: Registering ResourceManager for type Mesh
22:47:50: Registering ResourceManager for type Skeleton
22:47:50: MovableObjectFactory for type 'ParticleSystem' registered.
22:47:50: ArchiveFactory for archive type FileSystem registered.
22:47:50: ArchiveFactory for archive type Zip registered.
22:47:50: ArchiveFactory for archive type EmbeddedZip registered.
22:47:50: DDS codec registering
22:47:50: FreeImage version: 3.15.1
22:47:50: This program uses FreeImage, a free, open source image library supporting all common bitmap formats. See http://freeimage.sourceforge.net for details
22:47:50: Supported formats: bmp,ico,jpg,jif,jpeg,jpe,jng,koa,iff,lbm,mng,pbm,pbm,pcd,pcx,pgm,pgm,png,ppm,ppm,ras,tga,targa,tif,tiff,wap,wbmp,wbm,psd,cut,xbm,xpm,gif,hdr,g3,sgi,exr,j2k,j2c,jp2,pfm,pct,pict,pic,3fr,arw,bay,bmq,cap,cine,cr2,crw,cs1,dc2,dcr,drf,dsc,dng,erf,fff,ia,iiq,k25,kc2,kdc,mdc,mef,mos,mrw,nef,nrw,orf,pef,ptx,pxn,qtk,raf,raw,rdc,rw2,rwl,rwz,sr2,srf,sti
22:47:50: Registering ResourceManager for type HighLevelGpuProgram
22:47:50: Registering ResourceManager for type Compositor
22:47:50: MovableObjectFactory for type 'Entity' registered.
22:47:50: MovableObjectFactory for type 'Light' registered.
22:47:50: MovableObjectFactory for type 'BillboardSet' registered.
22:47:50: MovableObjectFactory for type 'ManualObject' registered.
22:47:50: MovableObjectFactory for type 'BillboardChain' registered.
22:47:50: MovableObjectFactory for type 'RibbonTrail' registered.
22:47:50: OGRE EXCEPTION(6:FileNotFoundException): 'plugins.cfg' file not found! in ConfigFile::load at /home/matheus/ogre/OgreMain/src/OgreConfigFile.cpp (line 88)
22:47:50: plugins.cfg not found, automatic plugin loading disabled.
22:47:50: *-*-* OGRE Initialising
22:47:50: *-*-* Version 1.10.0unstable (Xalafu)
22:47:50: OGRE EXCEPTION(6:FileNotFoundException): 'resources.cfg' file not found! in ConfigFile::load at /home/matheus/ogre/OgreMain/src/OgreConfigFile.cpp (line 88)
